<?xml version="1.0" encoding="UTF-8"?>
<coverage generated="1695243627024" clover="3.2.0">
  <project timestamp="1695243627024" name="All files">
    <metrics statements="974" coveredstatements="932" conditionals="87" coveredconditionals="85" methods="28" coveredmethods="24" elements="1089" coveredelements="1041" complexity="0" loc="974" ncloc="974" packages="14" files="14" classes="14"/>
    <package name="components.App">
      <metrics statements="184" coveredstatements="176" conditionals="32" coveredconditionals="30" methods="9" coveredmethods="8"/>
      <file name="App.jsx" path="/home/zyanic/repos/odin-shopping-cart/src/components/App/App.jsx">
        <metrics statements="184" coveredstatements="176" conditionals="32" coveredconditionals="30" methods="9" coveredmethods="8"/>
        <line num="1" count="1" type="stmt"/>
        <line num="2" count="1" type="stmt"/>
        <line num="3" count="1" type="stmt"/>
        <line num="4" count="1" type="stmt"/>
        <line num="5" count="1" type="stmt"/>
        <line num="6" count="1" type="stmt"/>
        <line num="7" count="1" type="stmt"/>
        <line num="8" count="1" type="stmt"/>
        <line num="9" count="1" type="stmt"/>
        <line num="10" count="1" type="stmt"/>
        <line num="11" count="1" type="stmt"/>
        <line num="12" count="1" type="stmt"/>
        <line num="13" count="1" type="stmt"/>
        <line num="14" count="147" type="cond" truecount="1" falsecount="0"/>
        <line num="15" count="147" type="stmt"/>
        <line num="16" count="147" type="stmt"/>
        <line num="17" count="147" type="stmt"/>
        <line num="18" count="147" type="stmt"/>
        <line num="19" count="147" type="stmt"/>
        <line num="20" count="147" type="stmt"/>
        <line num="21" count="147" type="stmt"/>
        <line num="22" count="147" type="stmt"/>
        <line num="23" count="147" type="stmt"/>
        <line num="24" count="147" type="stmt"/>
        <line num="25" count="147" type="stmt"/>
        <line num="26" count="147" type="stmt"/>
        <line num="27" count="147" type="stmt"/>
        <line num="28" count="147" type="cond" truecount="1" falsecount="0"/>
        <line num="29" count="13" type="cond" truecount="1" falsecount="0"/>
        <line num="30" count="13" type="stmt"/>
        <line num="31" count="13" type="cond" truecount="0" falsecount="1"/>
        <line num="32" count="13" type="stmt"/>
        <line num="33" count="147" type="stmt"/>
        <line num="34" count="147" type="stmt"/>
        <line num="35" count="147" type="cond" truecount="1" falsecount="0"/>
        <line num="36" count="35" type="stmt"/>
        <line num="37" count="35" type="cond" truecount="1" falsecount="0"/>
        <line num="38" count="35" type="stmt"/>
        <line num="39" count="147" type="stmt"/>
        <line num="40" count="147" type="stmt"/>
        <line num="41" count="147" type="cond" truecount="1" falsecount="0"/>
        <line num="42" count="48" type="stmt"/>
        <line num="43" count="48" type="stmt"/>
        <line num="44" count="48" type="stmt"/>
        <line num="45" count="48" type="stmt"/>
        <line num="46" count="48" type="stmt"/>
        <line num="47" count="48" type="stmt"/>
        <line num="48" count="48" type="stmt"/>
        <line num="49" count="48" type="cond" truecount="1" falsecount="0"/>
        <line num="50" count="66" type="stmt"/>
        <line num="51" count="66" type="stmt"/>
        <line num="52" count="66" type="stmt"/>
        <line num="53" count="66" type="stmt"/>
        <line num="54" count="66" type="stmt"/>
        <line num="55" count="48" type="stmt"/>
        <line num="56" count="48" type="stmt"/>
        <line num="57" count="147" type="stmt"/>
        <line num="58" count="147" type="stmt"/>
        <line num="59" count="147" type="cond" truecount="1" falsecount="0"/>
        <line num="60" count="56" type="cond" truecount="1" falsecount="0"/>
        <line num="61" count="10" type="stmt"/>
        <line num="62" count="10" type="stmt"/>
        <line num="63" count="10" type="cond" truecount="1" falsecount="0"/>
        <line num="64" count="4" type="stmt"/>
        <line num="65" count="4" type="stmt"/>
        <line num="66" count="10" type="stmt"/>
        <line num="67" count="10" type="stmt"/>
        <line num="68" count="10" type="stmt"/>
        <line num="69" count="56" type="cond" truecount="1" falsecount="0"/>
        <line num="70" count="56" type="stmt"/>
        <line num="71" count="56" type="cond" truecount="1" falsecount="0"/>
        <line num="72" count="129" type="stmt"/>
        <line num="73" count="129" type="cond" truecount="1" falsecount="0"/>
        <line num="74" count="30" type="stmt"/>
        <line num="75" count="30" type="cond" truecount="2" falsecount="0"/>
        <line num="76" count="30" type="cond" truecount="1" falsecount="0"/>
        <line num="77" count="9" type="stmt"/>
        <line num="78" count="9" type="stmt"/>
        <line num="79" count="9" type="stmt"/>
        <line num="80" count="9" type="stmt"/>
        <line num="81" count="30" type="cond" truecount="1" falsecount="0"/>
        <line num="82" count="9" type="cond" truecount="1" falsecount="0"/>
        <line num="83" count="8" type="stmt"/>
        <line num="84" count="8" type="cond" truecount="1" falsecount="0"/>
        <line num="85" count="6" type="stmt"/>
        <line num="86" count="6" type="stmt"/>
        <line num="87" count="6" type="stmt"/>
        <line num="88" count="6" type="stmt"/>
        <line num="89" count="6" type="stmt"/>
        <line num="90" count="8" type="cond" truecount="1" falsecount="0"/>
        <line num="91" count="2" type="stmt"/>
        <line num="92" count="2" type="stmt"/>
        <line num="93" count="8" type="stmt"/>
        <line num="94" count="8" type="cond" truecount="1" falsecount="0"/>
        <line num="95" count="8" type="stmt"/>
        <line num="96" count="8" type="stmt"/>
        <line num="97" count="0" type="stmt"/>
        <line num="98" count="0" type="stmt"/>
        <line num="99" count="0" type="stmt"/>
        <line num="100" count="0" type="stmt"/>
        <line num="101" count="8" type="cond" truecount="1" falsecount="0"/>
        <line num="102" count="2" type="stmt"/>
        <line num="103" count="2" type="stmt"/>
        <line num="104" count="2" type="stmt"/>
        <line num="105" count="2" type="stmt"/>
        <line num="106" count="8" type="stmt"/>
        <line num="107" count="8" type="stmt"/>
        <line num="108" count="8" type="stmt"/>
        <line num="109" count="9" type="stmt"/>
        <line num="110" count="30" type="stmt"/>
        <line num="111" count="30" type="cond" truecount="2" falsecount="0"/>
        <line num="112" count="30" type="cond" truecount="0" falsecount="1"/>
        <line num="113" count="0" type="stmt"/>
        <line num="114" count="0" type="stmt"/>
        <line num="115" count="0" type="stmt"/>
        <line num="116" count="0" type="stmt"/>
        <line num="117" count="30" type="stmt"/>
        <line num="118" count="56" type="stmt"/>
        <line num="119" count="56" type="stmt"/>
        <line num="120" count="56" type="stmt"/>
        <line num="121" count="147" type="stmt"/>
        <line num="122" count="147" type="stmt"/>
        <line num="123" count="147" type="stmt"/>
        <line num="124" count="147" type="stmt"/>
        <line num="125" count="147" type="stmt"/>
        <line num="126" count="147" type="stmt"/>
        <line num="127" count="147" type="stmt"/>
        <line num="128" count="147" type="stmt"/>
        <line num="129" count="147" type="stmt"/>
        <line num="130" count="147" type="stmt"/>
        <line num="131" count="147" type="stmt"/>
        <line num="132" count="147" type="cond" truecount="1" falsecount="0"/>
        <line num="133" count="380" type="cond" truecount="1" falsecount="0"/>
        <line num="134" count="246" type="stmt"/>
        <line num="135" count="246" type="stmt"/>
        <line num="136" count="246" type="stmt"/>
        <line num="137" count="246" type="stmt"/>
        <line num="138" count="246" type="cond" truecount="1" falsecount="0"/>
        <line num="139" count="246" type="stmt"/>
        <line num="140" count="246" type="stmt"/>
        <line num="141" count="246" type="cond" truecount="1" falsecount="0"/>
        <line num="142" count="134" type="stmt"/>
        <line num="143" count="147" type="stmt"/>
        <line num="144" count="147" type="stmt"/>
        <line num="145" count="147" type="stmt"/>
        <line num="146" count="147" type="stmt"/>
        <line num="147" count="147" type="stmt"/>
        <line num="148" count="147" type="stmt"/>
        <line num="149" count="147" type="stmt"/>
        <line num="150" count="147" type="stmt"/>
        <line num="151" count="147" type="stmt"/>
        <line num="152" count="147" type="stmt"/>
        <line num="153" count="147" type="stmt"/>
        <line num="154" count="147" type="stmt"/>
        <line num="155" count="147" type="stmt"/>
        <line num="156" count="147" type="stmt"/>
        <line num="157" count="147" type="cond" truecount="1" falsecount="0"/>
        <line num="158" count="9" type="stmt"/>
        <line num="159" count="9" type="stmt"/>
        <line num="160" count="147" type="stmt"/>
        <line num="161" count="147" type="stmt"/>
        <line num="162" count="147" type="stmt"/>
        <line num="163" count="147" type="stmt"/>
        <line num="164" count="147" type="stmt"/>
        <line num="165" count="147" type="stmt"/>
        <line num="166" count="147" type="stmt"/>
        <line num="167" count="147" type="stmt"/>
        <line num="168" count="147" type="stmt"/>
        <line num="169" count="147" type="stmt"/>
        <line num="170" count="147" type="stmt"/>
        <line num="171" count="147" type="stmt"/>
        <line num="172" count="147" type="cond" truecount="1" falsecount="0"/>
        <line num="173" count="147" type="stmt"/>
        <line num="174" count="147" type="stmt"/>
        <line num="175" count="147" type="stmt"/>
        <line num="176" count="147" type="stmt"/>
        <line num="177" count="147" type="stmt"/>
        <line num="178" count="147" type="stmt"/>
        <line num="179" count="147" type="stmt"/>
        <line num="180" count="147" type="stmt"/>
        <line num="181" count="147" type="stmt"/>
        <line num="182" count="147" type="stmt"/>
        <line num="183" count="1" type="stmt"/>
        <line num="184" count="1" type="stmt"/>
      </file>
    </package>
    <package name="components.Button">
      <metrics statements="82" coveredstatements="82" conditionals="5" coveredconditionals="5" methods="1" coveredmethods="1"/>
      <file name="Button.jsx" path="/home/zyanic/repos/odin-shopping-cart/src/components/Button/Button.jsx">
        <metrics statements="82" coveredstatements="82" conditionals="5" coveredconditionals="5" methods="1" coveredmethods="1"/>
        <line num="1" count="1" type="stmt"/>
        <line num="2" count="1" type="stmt"/>
        <line num="3" count="1" type="stmt"/>
        <line num="4" count="1" type="stmt"/>
        <line num="5" count="1" type="stmt"/>
        <line num="6" count="1" type="cond" truecount="1" falsecount="0"/>
        <line num="7" count="8" type="stmt"/>
        <line num="8" count="8" type="stmt"/>
        <line num="9" count="8" type="stmt"/>
        <line num="10" count="8" type="stmt"/>
        <line num="11" count="8" type="stmt"/>
        <line num="12" count="8" type="stmt"/>
        <line num="13" count="8" type="stmt"/>
        <line num="14" count="8" type="stmt"/>
        <line num="15" count="8" type="stmt"/>
        <line num="16" count="8" type="stmt"/>
        <line num="17" count="8" type="stmt"/>
        <line num="18" count="8" type="stmt"/>
        <line num="19" count="8" type="stmt"/>
        <line num="20" count="8" type="stmt"/>
        <line num="21" count="8" type="stmt"/>
        <line num="22" count="8" type="stmt"/>
        <line num="23" count="8" type="cond" truecount="2" falsecount="0"/>
        <line num="24" count="8" type="stmt"/>
        <line num="25" count="8" type="stmt"/>
        <line num="26" count="8" type="stmt"/>
        <line num="27" count="8" type="stmt"/>
        <line num="28" count="8" type="stmt"/>
        <line num="29" count="8" type="stmt"/>
        <line num="30" count="8" type="stmt"/>
        <line num="31" count="8" type="stmt"/>
        <line num="32" count="8" type="cond" truecount="2" falsecount="0"/>
        <line num="33" count="8" type="stmt"/>
        <line num="34" count="8" type="stmt"/>
        <line num="35" count="8" type="stmt"/>
        <line num="36" count="8" type="stmt"/>
        <line num="37" count="1" type="stmt"/>
        <line num="38" count="1" type="stmt"/>
        <line num="39" count="1" type="stmt"/>
        <line num="40" count="1" type="stmt"/>
        <line num="41" count="1" type="stmt"/>
        <line num="42" count="1" type="stmt"/>
        <line num="43" count="1" type="stmt"/>
        <line num="44" count="1" type="stmt"/>
        <line num="45" count="1" type="stmt"/>
        <line num="46" count="1" type="stmt"/>
        <line num="47" count="1" type="stmt"/>
        <line num="48" count="1" type="stmt"/>
        <line num="49" count="1" type="stmt"/>
        <line num="50" count="1" type="stmt"/>
        <line num="51" count="1" type="stmt"/>
        <line num="52" count="1" type="stmt"/>
        <line num="53" count="1" type="stmt"/>
        <line num="54" count="1" type="stmt"/>
        <line num="55" count="1" type="stmt"/>
        <line num="56" count="1" type="stmt"/>
        <line num="57" count="1" type="stmt"/>
        <line num="58" count="1" type="stmt"/>
        <line num="59" count="1" type="stmt"/>
        <line num="60" count="1" type="stmt"/>
        <line num="61" count="1" type="stmt"/>
        <line num="62" count="1" type="stmt"/>
        <line num="63" count="1" type="stmt"/>
        <line num="64" count="1" type="stmt"/>
        <line num="65" count="1" type="stmt"/>
        <line num="66" count="1" type="stmt"/>
        <line num="67" count="1" type="stmt"/>
        <line num="68" count="1" type="stmt"/>
        <line num="69" count="1" type="stmt"/>
        <line num="70" count="1" type="stmt"/>
        <line num="71" count="1" type="stmt"/>
        <line num="72" count="1" type="stmt"/>
        <line num="73" count="1" type="stmt"/>
        <line num="74" count="1" type="stmt"/>
        <line num="75" count="1" type="stmt"/>
        <line num="76" count="1" type="stmt"/>
        <line num="77" count="1" type="stmt"/>
        <line num="78" count="1" type="stmt"/>
        <line num="79" count="1" type="stmt"/>
        <line num="80" count="1" type="stmt"/>
        <line num="81" count="1" type="stmt"/>
        <line num="82" count="1" type="stmt"/>
      </file>
    </package>
    <package name="components.Cart">
      <metrics statements="95" coveredstatements="95" conditionals="5" coveredconditionals="5" methods="1" coveredmethods="1"/>
      <file name="Cart.jsx" path="/home/zyanic/repos/odin-shopping-cart/src/components/Cart/Cart.jsx">
        <metrics statements="95" coveredstatements="95" conditionals="5" coveredconditionals="5" methods="1" coveredmethods="1"/>
        <line num="1" count="1" type="stmt"/>
        <line num="2" count="1" type="stmt"/>
        <line num="3" count="1" type="stmt"/>
        <line num="4" count="1" type="stmt"/>
        <line num="5" count="1" type="stmt"/>
        <line num="6" count="1" type="stmt"/>
        <line num="7" count="1" type="stmt"/>
        <line num="8" count="1" type="stmt"/>
        <line num="9" count="1" type="stmt"/>
        <line num="10" count="1" type="cond" truecount="1" falsecount="0"/>
        <line num="11" count="29" type="stmt"/>
        <line num="12" count="29" type="stmt"/>
        <line num="13" count="29" type="stmt"/>
        <line num="14" count="29" type="stmt"/>
        <line num="15" count="29" type="stmt"/>
        <line num="16" count="29" type="stmt"/>
        <line num="17" count="29" type="stmt"/>
        <line num="18" count="29" type="cond" truecount="1" falsecount="0"/>
        <line num="19" count="8" type="stmt"/>
        <line num="20" count="8" type="stmt"/>
        <line num="21" count="8" type="stmt"/>
        <line num="22" count="29" type="stmt"/>
        <line num="23" count="29" type="stmt"/>
        <line num="24" count="29" type="cond" truecount="1" falsecount="0"/>
        <line num="25" count="4" type="stmt"/>
        <line num="26" count="4" type="stmt"/>
        <line num="27" count="4" type="cond" truecount="1" falsecount="0"/>
        <line num="28" count="8" type="stmt"/>
        <line num="29" count="8" type="stmt"/>
        <line num="30" count="8" type="stmt"/>
        <line num="31" count="8" type="stmt"/>
        <line num="32" count="8" type="stmt"/>
        <line num="33" count="8" type="stmt"/>
        <line num="34" count="8" type="stmt"/>
        <line num="35" count="4" type="stmt"/>
        <line num="36" count="4" type="stmt"/>
        <line num="37" count="4" type="cond" truecount="1" falsecount="0"/>
        <line num="38" count="25" type="stmt"/>
        <line num="39" count="25" type="stmt"/>
        <line num="40" count="25" type="stmt"/>
        <line num="41" count="25" type="stmt"/>
        <line num="42" count="25" type="stmt"/>
        <line num="43" count="29" type="stmt"/>
        <line num="44" count="29" type="stmt"/>
        <line num="45" count="29" type="stmt"/>
        <line num="46" count="29" type="stmt"/>
        <line num="47" count="29" type="stmt"/>
        <line num="48" count="29" type="stmt"/>
        <line num="49" count="29" type="stmt"/>
        <line num="50" count="29" type="stmt"/>
        <line num="51" count="29" type="stmt"/>
        <line num="52" count="29" type="stmt"/>
        <line num="53" count="29" type="stmt"/>
        <line num="54" count="29" type="stmt"/>
        <line num="55" count="29" type="stmt"/>
        <line num="56" count="29" type="stmt"/>
        <line num="57" count="29" type="stmt"/>
        <line num="58" count="29" type="stmt"/>
        <line num="59" count="29" type="stmt"/>
        <line num="60" count="29" type="stmt"/>
        <line num="61" count="29" type="stmt"/>
        <line num="62" count="29" type="stmt"/>
        <line num="63" count="29" type="stmt"/>
        <line num="64" count="29" type="stmt"/>
        <line num="65" count="29" type="stmt"/>
        <line num="66" count="29" type="stmt"/>
        <line num="67" count="29" type="stmt"/>
        <line num="68" count="29" type="stmt"/>
        <line num="69" count="29" type="stmt"/>
        <line num="70" count="29" type="stmt"/>
        <line num="71" count="29" type="stmt"/>
        <line num="72" count="29" type="stmt"/>
        <line num="73" count="29" type="stmt"/>
        <line num="74" count="29" type="stmt"/>
        <line num="75" count="29" type="stmt"/>
        <line num="76" count="29" type="stmt"/>
        <line num="77" count="29" type="stmt"/>
        <line num="78" count="29" type="stmt"/>
        <line num="79" count="29" type="stmt"/>
        <line num="80" count="1" type="stmt"/>
        <line num="81" count="1" type="stmt"/>
        <line num="82" count="1" type="stmt"/>
        <line num="83" count="1" type="stmt"/>
        <line num="84" count="1" type="stmt"/>
        <line num="85" count="1" type="stmt"/>
        <line num="86" count="1" type="stmt"/>
        <line num="87" count="1" type="stmt"/>
        <line num="88" count="1" type="stmt"/>
        <line num="89" count="1" type="stmt"/>
        <line num="90" count="1" type="stmt"/>
        <line num="91" count="1" type="stmt"/>
        <line num="92" count="1" type="stmt"/>
        <line num="93" count="1" type="stmt"/>
        <line num="94" count="1" type="stmt"/>
        <line num="95" count="1" type="stmt"/>
      </file>
    </package>
    <package name="components.CartItemCard">
      <metrics statements="68" coveredstatements="68" conditionals="1" coveredconditionals="1" methods="1" coveredmethods="1"/>
      <file name="CartItemCard.jsx" path="/home/zyanic/repos/odin-shopping-cart/src/components/CartItemCard/CartItemCard.jsx">
        <metrics statements="68" coveredstatements="68" conditionals="1" coveredconditionals="1" methods="1" coveredmethods="1"/>
        <line num="1" count="1" type="stmt"/>
        <line num="2" count="1" type="stmt"/>
        <line num="3" count="1" type="stmt"/>
        <line num="4" count="1" type="stmt"/>
        <line num="5" count="1" type="stmt"/>
        <line num="6" count="1" type="stmt"/>
        <line num="7" count="1" type="stmt"/>
        <line num="8" count="1" type="stmt"/>
        <line num="9" count="1" type="stmt"/>
        <line num="10" count="1" type="stmt"/>
        <line num="11" count="1" type="cond" truecount="1" falsecount="0"/>
        <line num="12" count="9" type="stmt"/>
        <line num="13" count="9" type="stmt"/>
        <line num="14" count="9" type="stmt"/>
        <line num="15" count="9" type="stmt"/>
        <line num="16" count="9" type="stmt"/>
        <line num="17" count="9" type="stmt"/>
        <line num="18" count="9" type="stmt"/>
        <line num="19" count="9" type="stmt"/>
        <line num="20" count="9" type="stmt"/>
        <line num="21" count="9" type="stmt"/>
        <line num="22" count="9" type="stmt"/>
        <line num="23" count="9" type="stmt"/>
        <line num="24" count="9" type="stmt"/>
        <line num="25" count="9" type="stmt"/>
        <line num="26" count="9" type="stmt"/>
        <line num="27" count="9" type="stmt"/>
        <line num="28" count="9" type="stmt"/>
        <line num="29" count="9" type="stmt"/>
        <line num="30" count="9" type="stmt"/>
        <line num="31" count="9" type="stmt"/>
        <line num="32" count="9" type="stmt"/>
        <line num="33" count="9" type="stmt"/>
        <line num="34" count="9" type="stmt"/>
        <line num="35" count="9" type="stmt"/>
        <line num="36" count="9" type="stmt"/>
        <line num="37" count="9" type="stmt"/>
        <line num="38" count="9" type="stmt"/>
        <line num="39" count="9" type="stmt"/>
        <line num="40" count="9" type="stmt"/>
        <line num="41" count="9" type="stmt"/>
        <line num="42" count="9" type="stmt"/>
        <line num="43" count="9" type="stmt"/>
        <line num="44" count="9" type="stmt"/>
        <line num="45" count="9" type="stmt"/>
        <line num="46" count="9" type="stmt"/>
        <line num="47" count="9" type="stmt"/>
        <line num="48" count="9" type="stmt"/>
        <line num="49" count="9" type="stmt"/>
        <line num="50" count="9" type="stmt"/>
        <line num="51" count="9" type="stmt"/>
        <line num="52" count="9" type="stmt"/>
        <line num="53" count="9" type="stmt"/>
        <line num="54" count="9" type="stmt"/>
        <line num="55" count="9" type="stmt"/>
        <line num="56" count="9" type="stmt"/>
        <line num="57" count="9" type="stmt"/>
        <line num="58" count="9" type="stmt"/>
        <line num="59" count="1" type="stmt"/>
        <line num="60" count="1" type="stmt"/>
        <line num="61" count="1" type="stmt"/>
        <line num="62" count="1" type="stmt"/>
        <line num="63" count="1" type="stmt"/>
        <line num="64" count="1" type="stmt"/>
        <line num="65" count="1" type="stmt"/>
        <line num="66" count="1" type="stmt"/>
        <line num="67" count="1" type="stmt"/>
        <line num="68" count="1" type="stmt"/>
      </file>
    </package>
    <package name="components.CartSidebar">
      <metrics statements="76" coveredstatements="76" conditionals="5" coveredconditionals="5" methods="1" coveredmethods="1"/>
      <file name="CartSidebar.jsx" path="/home/zyanic/repos/odin-shopping-cart/src/components/CartSidebar/CartSidebar.jsx">
        <metrics statements="76" coveredstatements="76" conditionals="5" coveredconditionals="5" methods="1" coveredmethods="1"/>
        <line num="1" count="1" type="stmt"/>
        <line num="2" count="1" type="stmt"/>
        <line num="3" count="1" type="stmt"/>
        <line num="4" count="1" type="stmt"/>
        <line num="5" count="1" type="stmt"/>
        <line num="6" count="1" type="stmt"/>
        <line num="7" count="1" type="stmt"/>
        <line num="8" count="1" type="stmt"/>
        <line num="9" count="1" type="stmt"/>
        <line num="10" count="1" type="stmt"/>
        <line num="11" count="1" type="cond" truecount="1" falsecount="0"/>
        <line num="12" count="112" type="stmt"/>
        <line num="13" count="112" type="stmt"/>
        <line num="14" count="112" type="stmt"/>
        <line num="15" count="112" type="stmt"/>
        <line num="16" count="112" type="stmt"/>
        <line num="17" count="112" type="cond" truecount="1" falsecount="0"/>
        <line num="18" count="30" type="stmt"/>
        <line num="19" count="30" type="stmt"/>
        <line num="20" count="30" type="stmt"/>
        <line num="21" count="112" type="stmt"/>
        <line num="22" count="112" type="stmt"/>
        <line num="23" count="112" type="stmt"/>
        <line num="24" count="112" type="stmt"/>
        <line num="25" count="112" type="stmt"/>
        <line num="26" count="112" type="stmt"/>
        <line num="27" count="112" type="stmt"/>
        <line num="28" count="112" type="stmt"/>
        <line num="29" count="112" type="stmt"/>
        <line num="30" count="112" type="stmt"/>
        <line num="31" count="112" type="stmt"/>
        <line num="32" count="112" type="stmt"/>
        <line num="33" count="112" type="stmt"/>
        <line num="34" count="112" type="cond" truecount="1" falsecount="0"/>
        <line num="35" count="26" type="stmt"/>
        <line num="36" count="26" type="stmt"/>
        <line num="37" count="26" type="cond" truecount="1" falsecount="0"/>
        <line num="38" count="30" type="stmt"/>
        <line num="39" count="30" type="stmt"/>
        <line num="40" count="30" type="stmt"/>
        <line num="41" count="30" type="stmt"/>
        <line num="42" count="30" type="stmt"/>
        <line num="43" count="30" type="stmt"/>
        <line num="44" count="30" type="stmt"/>
        <line num="45" count="26" type="stmt"/>
        <line num="46" count="26" type="stmt"/>
        <line num="47" count="26" type="cond" truecount="1" falsecount="0"/>
        <line num="48" count="86" type="stmt"/>
        <line num="49" count="86" type="stmt"/>
        <line num="50" count="112" type="stmt"/>
        <line num="51" count="112" type="stmt"/>
        <line num="52" count="112" type="stmt"/>
        <line num="53" count="112" type="stmt"/>
        <line num="54" count="112" type="stmt"/>
        <line num="55" count="112" type="stmt"/>
        <line num="56" count="112" type="stmt"/>
        <line num="57" count="112" type="stmt"/>
        <line num="58" count="112" type="stmt"/>
        <line num="59" count="112" type="stmt"/>
        <line num="60" count="112" type="stmt"/>
        <line num="61" count="112" type="stmt"/>
        <line num="62" count="112" type="stmt"/>
        <line num="63" count="112" type="stmt"/>
        <line num="64" count="112" type="stmt"/>
        <line num="65" count="1" type="stmt"/>
        <line num="66" count="1" type="stmt"/>
        <line num="67" count="1" type="stmt"/>
        <line num="68" count="1" type="stmt"/>
        <line num="69" count="1" type="stmt"/>
        <line num="70" count="1" type="stmt"/>
        <line num="71" count="1" type="stmt"/>
        <line num="72" count="1" type="stmt"/>
        <line num="73" count="1" type="stmt"/>
        <line num="74" count="1" type="stmt"/>
        <line num="75" count="1" type="stmt"/>
        <line num="76" count="1" type="stmt"/>
      </file>
    </package>
    <package name="components.CartSidebarItemCard">
      <metrics statements="57" coveredstatements="57" conditionals="1" coveredconditionals="1" methods="1" coveredmethods="1"/>
      <file name="CartSidebarItemCard.jsx" path="/home/zyanic/repos/odin-shopping-cart/src/components/CartSidebarItemCard/CartSidebarItemCard.jsx">
        <metrics statements="57" coveredstatements="57" conditionals="1" coveredconditionals="1" methods="1" coveredmethods="1"/>
        <line num="1" count="1" type="stmt"/>
        <line num="2" count="1" type="stmt"/>
        <line num="3" count="1" type="stmt"/>
        <line num="4" count="1" type="stmt"/>
        <line num="5" count="1" type="stmt"/>
        <line num="6" count="1" type="stmt"/>
        <line num="7" count="1" type="stmt"/>
        <line num="8" count="1" type="stmt"/>
        <line num="9" count="1" type="stmt"/>
        <line num="10" count="1" type="stmt"/>
        <line num="11" count="1" type="cond" truecount="1" falsecount="0"/>
        <line num="12" count="30" type="stmt"/>
        <line num="13" count="30" type="stmt"/>
        <line num="14" count="30" type="stmt"/>
        <line num="15" count="30" type="stmt"/>
        <line num="16" count="30" type="stmt"/>
        <line num="17" count="30" type="stmt"/>
        <line num="18" count="30" type="stmt"/>
        <line num="19" count="30" type="stmt"/>
        <line num="20" count="30" type="stmt"/>
        <line num="21" count="30" type="stmt"/>
        <line num="22" count="30" type="stmt"/>
        <line num="23" count="30" type="stmt"/>
        <line num="24" count="30" type="stmt"/>
        <line num="25" count="30" type="stmt"/>
        <line num="26" count="30" type="stmt"/>
        <line num="27" count="30" type="stmt"/>
        <line num="28" count="30" type="stmt"/>
        <line num="29" count="30" type="stmt"/>
        <line num="30" count="30" type="stmt"/>
        <line num="31" count="30" type="stmt"/>
        <line num="32" count="30" type="stmt"/>
        <line num="33" count="30" type="stmt"/>
        <line num="34" count="30" type="stmt"/>
        <line num="35" count="30" type="stmt"/>
        <line num="36" count="30" type="stmt"/>
        <line num="37" count="30" type="stmt"/>
        <line num="38" count="30" type="stmt"/>
        <line num="39" count="30" type="stmt"/>
        <line num="40" count="30" type="stmt"/>
        <line num="41" count="30" type="stmt"/>
        <line num="42" count="30" type="stmt"/>
        <line num="43" count="30" type="stmt"/>
        <line num="44" count="30" type="stmt"/>
        <line num="45" count="30" type="stmt"/>
        <line num="46" count="30" type="stmt"/>
        <line num="47" count="30" type="stmt"/>
        <line num="48" count="1" type="stmt"/>
        <line num="49" count="1" type="stmt"/>
        <line num="50" count="1" type="stmt"/>
        <line num="51" count="1" type="stmt"/>
        <line num="52" count="1" type="stmt"/>
        <line num="53" count="1" type="stmt"/>
        <line num="54" count="1" type="stmt"/>
        <line num="55" count="1" type="stmt"/>
        <line num="56" count="1" type="stmt"/>
        <line num="57" count="1" type="stmt"/>
      </file>
    </package>
    <package name="components.Image">
      <metrics statements="31" coveredstatements="31" conditionals="4" coveredconditionals="4" methods="1" coveredmethods="1"/>
      <file name="Image.jsx" path="/home/zyanic/repos/odin-shopping-cart/src/components/Image/Image.jsx">
        <metrics statements="31" coveredstatements="31" conditionals="4" coveredconditionals="4" methods="1" coveredmethods="1"/>
        <line num="1" count="1" type="stmt"/>
        <line num="2" count="1" type="stmt"/>
        <line num="3" count="1" type="stmt"/>
        <line num="4" count="1" type="stmt"/>
        <line num="5" count="1" type="cond" truecount="1" falsecount="0"/>
        <line num="6" count="5" type="stmt"/>
        <line num="7" count="5" type="stmt"/>
        <line num="8" count="5" type="stmt"/>
        <line num="9" count="5" type="stmt"/>
        <line num="10" count="5" type="stmt"/>
        <line num="11" count="5" type="cond" truecount="1" falsecount="0"/>
        <line num="12" count="3" type="stmt"/>
        <line num="13" count="3" type="stmt"/>
        <line num="14" count="3" type="cond" truecount="1" falsecount="0"/>
        <line num="15" count="1" type="stmt"/>
        <line num="16" count="1" type="stmt"/>
        <line num="17" count="1" type="cond" truecount="1" falsecount="0"/>
        <line num="18" count="2" type="stmt"/>
        <line num="19" count="5" type="stmt"/>
        <line num="20" count="5" type="stmt"/>
        <line num="21" count="5" type="stmt"/>
        <line num="22" count="5" type="stmt"/>
        <line num="23" count="5" type="stmt"/>
        <line num="24" count="5" type="stmt"/>
        <line num="25" count="1" type="stmt"/>
        <line num="26" count="1" type="stmt"/>
        <line num="27" count="1" type="stmt"/>
        <line num="28" count="1" type="stmt"/>
        <line num="29" count="1" type="stmt"/>
        <line num="30" count="1" type="stmt"/>
        <line num="31" count="1" type="stmt"/>
      </file>
    </package>
    <package name="components.IntegerInput">
      <metrics statements="76" coveredstatements="76" conditionals="9" coveredconditionals="9" methods="3" coveredmethods="3"/>
      <file name="IntegerInput.jsx" path="/home/zyanic/repos/odin-shopping-cart/src/components/IntegerInput/IntegerInput.jsx">
        <metrics statements="76" coveredstatements="76" conditionals="9" coveredconditionals="9" methods="3" coveredmethods="3"/>
        <line num="1" count="1" type="stmt"/>
        <line num="2" count="1" type="stmt"/>
        <line num="3" count="1" type="stmt"/>
        <line num="4" count="1" type="stmt"/>
        <line num="5" count="1" type="cond" truecount="1" falsecount="0"/>
        <line num="6" count="119" type="stmt"/>
        <line num="7" count="119" type="stmt"/>
        <line num="8" count="119" type="stmt"/>
        <line num="9" count="119" type="stmt"/>
        <line num="10" count="119" type="stmt"/>
        <line num="11" count="119" type="stmt"/>
        <line num="12" count="119" type="stmt"/>
        <line num="13" count="119" type="stmt"/>
        <line num="14" count="119" type="stmt"/>
        <line num="15" count="119" type="stmt"/>
        <line num="16" count="119" type="stmt"/>
        <line num="17" count="119" type="stmt"/>
        <line num="18" count="119" type="stmt"/>
        <line num="19" count="119" type="stmt"/>
        <line num="20" count="119" type="cond" truecount="1" falsecount="0"/>
        <line num="21" count="119" type="stmt"/>
        <line num="22" count="119" type="stmt"/>
        <line num="23" count="119" type="stmt"/>
        <line num="24" count="119" type="stmt"/>
        <line num="25" count="119" type="stmt"/>
        <line num="26" count="119" type="stmt"/>
        <line num="27" count="119" type="stmt"/>
        <line num="28" count="119" type="stmt"/>
        <line num="29" count="119" type="stmt"/>
        <line num="30" count="119" type="stmt"/>
        <line num="31" count="119" type="stmt"/>
        <line num="32" count="119" type="stmt"/>
        <line num="33" count="119" type="stmt"/>
        <line num="34" count="119" type="cond" truecount="1" falsecount="0"/>
        <line num="35" count="13" type="cond" truecount="1" falsecount="0"/>
        <line num="36" count="13" type="stmt"/>
        <line num="37" count="119" type="cond" truecount="1" falsecount="0"/>
        <line num="38" count="12" type="cond" truecount="1" falsecount="0"/>
        <line num="39" count="12" type="stmt"/>
        <line num="40" count="12" type="stmt"/>
        <line num="41" count="12" type="stmt"/>
        <line num="42" count="12" type="stmt"/>
        <line num="43" count="12" type="stmt"/>
        <line num="44" count="12" type="stmt"/>
        <line num="45" count="12" type="cond" truecount="1" falsecount="0"/>
        <line num="46" count="12" type="stmt"/>
        <line num="47" count="119" type="cond" truecount="2" falsecount="0"/>
        <line num="48" count="119" type="stmt"/>
        <line num="49" count="119" type="stmt"/>
        <line num="50" count="119" type="stmt"/>
        <line num="51" count="119" type="stmt"/>
        <line num="52" count="119" type="stmt"/>
        <line num="53" count="119" type="stmt"/>
        <line num="54" count="119" type="stmt"/>
        <line num="55" count="1" type="stmt"/>
        <line num="56" count="1" type="stmt"/>
        <line num="57" count="1" type="stmt"/>
        <line num="58" count="1" type="stmt"/>
        <line num="59" count="1" type="stmt"/>
        <line num="60" count="1" type="stmt"/>
        <line num="61" count="1" type="stmt"/>
        <line num="62" count="1" type="stmt"/>
        <line num="63" count="1" type="stmt"/>
        <line num="64" count="1" type="stmt"/>
        <line num="65" count="1" type="stmt"/>
        <line num="66" count="1" type="stmt"/>
        <line num="67" count="1" type="stmt"/>
        <line num="68" count="1" type="stmt"/>
        <line num="69" count="1" type="stmt"/>
        <line num="70" count="1" type="stmt"/>
        <line num="71" count="1" type="stmt"/>
        <line num="72" count="1" type="stmt"/>
        <line num="73" count="1" type="stmt"/>
        <line num="74" count="1" type="stmt"/>
        <line num="75" count="1" type="stmt"/>
        <line num="76" count="1" type="stmt"/>
      </file>
    </package>
    <package name="components.NavBar">
      <metrics statements="60" coveredstatements="60" conditionals="6" coveredconditionals="6" methods="3" coveredmethods="3"/>
      <file name="NavBar.jsx" path="/home/zyanic/repos/odin-shopping-cart/src/components/NavBar/NavBar.jsx">
        <metrics statements="60" coveredstatements="60" conditionals="6" coveredconditionals="6" methods="3" coveredmethods="3"/>
        <line num="1" count="1" type="stmt"/>
        <line num="2" count="1" type="stmt"/>
        <line num="3" count="1" type="stmt"/>
        <line num="4" count="1" type="stmt"/>
        <line num="5" count="1" type="stmt"/>
        <line num="6" count="1" type="stmt"/>
        <line num="7" count="1" type="stmt"/>
        <line num="8" count="1" type="cond" truecount="1" falsecount="0"/>
        <line num="9" count="119" type="stmt"/>
        <line num="10" count="119" type="stmt"/>
        <line num="11" count="119" type="stmt"/>
        <line num="12" count="119" type="stmt"/>
        <line num="13" count="119" type="stmt"/>
        <line num="14" count="119" type="stmt"/>
        <line num="15" count="119" type="stmt"/>
        <line num="16" count="1" type="stmt"/>
        <line num="17" count="1" type="cond" truecount="1" falsecount="0"/>
        <line num="18" count="114" type="stmt"/>
        <line num="19" count="114" type="stmt"/>
        <line num="20" count="114" type="stmt"/>
        <line num="21" count="114" type="stmt"/>
        <line num="22" count="114" type="stmt"/>
        <line num="23" count="114" type="stmt"/>
        <line num="24" count="114" type="stmt"/>
        <line num="25" count="114" type="stmt"/>
        <line num="26" count="114" type="stmt"/>
        <line num="27" count="114" type="cond" truecount="1" falsecount="0"/>
        <line num="28" count="348" type="stmt"/>
        <line num="29" count="348" type="stmt"/>
        <line num="30" count="348" type="stmt"/>
        <line num="31" count="348" type="stmt"/>
        <line num="32" count="348" type="cond" truecount="3" falsecount="0"/>
        <line num="33" count="348" type="stmt"/>
        <line num="34" count="348" type="stmt"/>
        <line num="35" count="348" type="stmt"/>
        <line num="36" count="348" type="stmt"/>
        <line num="37" count="114" type="stmt"/>
        <line num="38" count="114" type="stmt"/>
        <line num="39" count="114" type="stmt"/>
        <line num="40" count="114" type="stmt"/>
        <line num="41" count="114" type="stmt"/>
        <line num="42" count="114" type="stmt"/>
        <line num="43" count="1" type="stmt"/>
        <line num="44" count="1" type="stmt"/>
        <line num="45" count="1" type="stmt"/>
        <line num="46" count="1" type="stmt"/>
        <line num="47" count="1" type="stmt"/>
        <line num="48" count="1" type="stmt"/>
        <line num="49" count="1" type="stmt"/>
        <line num="50" count="1" type="stmt"/>
        <line num="51" count="1" type="stmt"/>
        <line num="52" count="1" type="stmt"/>
        <line num="53" count="1" type="stmt"/>
        <line num="54" count="1" type="stmt"/>
        <line num="55" count="1" type="stmt"/>
        <line num="56" count="1" type="stmt"/>
        <line num="57" count="1" type="stmt"/>
        <line num="58" count="1" type="stmt"/>
        <line num="59" count="1" type="stmt"/>
        <line num="60" count="1" type="stmt"/>
      </file>
    </package>
    <package name="components.Price">
      <metrics statements="65" coveredstatements="65" conditionals="5" coveredconditionals="5" methods="1" coveredmethods="1"/>
      <file name="Price.jsx" path="/home/zyanic/repos/odin-shopping-cart/src/components/Price/Price.jsx">
        <metrics statements="65" coveredstatements="65" conditionals="5" coveredconditionals="5" methods="1" coveredmethods="1"/>
        <line num="1" count="1" type="stmt"/>
        <line num="2" count="1" type="stmt"/>
        <line num="3" count="1" type="stmt"/>
        <line num="4" count="1" type="stmt"/>
        <line num="5" count="1" type="cond" truecount="1" falsecount="0"/>
        <line num="6" count="6" type="stmt"/>
        <line num="7" count="6" type="stmt"/>
        <line num="8" count="6" type="stmt"/>
        <line num="9" count="6" type="stmt"/>
        <line num="10" count="6" type="stmt"/>
        <line num="11" count="6" type="stmt"/>
        <line num="12" count="6" type="stmt"/>
        <line num="13" count="6" type="stmt"/>
        <line num="14" count="6" type="stmt"/>
        <line num="15" count="6" type="stmt"/>
        <line num="16" count="6" type="cond" truecount="1" falsecount="0"/>
        <line num="17" count="5" type="cond" truecount="1" falsecount="0"/>
        <line num="18" count="1" type="stmt"/>
        <line num="19" count="6" type="stmt"/>
        <line num="20" count="6" type="stmt"/>
        <line num="21" count="6" type="stmt"/>
        <line num="22" count="6" type="stmt"/>
        <line num="23" count="6" type="stmt"/>
        <line num="24" count="6" type="stmt"/>
        <line num="25" count="6" type="stmt"/>
        <line num="26" count="6" type="stmt"/>
        <line num="27" count="6" type="stmt"/>
        <line num="28" count="6" type="stmt"/>
        <line num="29" count="6" type="cond" truecount="1" falsecount="0"/>
        <line num="30" count="6" type="stmt"/>
        <line num="31" count="6" type="stmt"/>
        <line num="32" count="6" type="stmt"/>
        <line num="33" count="6" type="stmt"/>
        <line num="34" count="6" type="stmt"/>
        <line num="35" count="6" type="stmt"/>
        <line num="36" count="6" type="stmt"/>
        <line num="37" count="6" type="stmt"/>
        <line num="38" count="6" type="stmt"/>
        <line num="39" count="6" type="stmt"/>
        <line num="40" count="6" type="stmt"/>
        <line num="41" count="6" type="stmt"/>
        <line num="42" count="6" type="stmt"/>
        <line num="43" count="6" type="stmt"/>
        <line num="44" count="6" type="stmt"/>
        <line num="45" count="6" type="stmt"/>
        <line num="46" count="6" type="stmt"/>
        <line num="47" count="6" type="cond" truecount="1" falsecount="0"/>
        <line num="48" count="6" type="stmt"/>
        <line num="49" count="6" type="stmt"/>
        <line num="50" count="6" type="stmt"/>
        <line num="51" count="6" type="stmt"/>
        <line num="52" count="1" type="stmt"/>
        <line num="53" count="1" type="stmt"/>
        <line num="54" count="1" type="stmt"/>
        <line num="55" count="1" type="stmt"/>
        <line num="56" count="1" type="stmt"/>
        <line num="57" count="1" type="stmt"/>
        <line num="58" count="1" type="stmt"/>
        <line num="59" count="1" type="stmt"/>
        <line num="60" count="1" type="stmt"/>
        <line num="61" count="1" type="stmt"/>
        <line num="62" count="1" type="stmt"/>
        <line num="63" count="1" type="stmt"/>
        <line num="64" count="1" type="stmt"/>
        <line num="65" count="1" type="stmt"/>
      </file>
    </package>
    <package name="components.ShopItemCard">
      <metrics statements="53" coveredstatements="53" conditionals="1" coveredconditionals="1" methods="1" coveredmethods="1"/>
      <file name="ShopItemCard.jsx" path="/home/zyanic/repos/odin-shopping-cart/src/components/ShopItemCard/ShopItemCard.jsx">
        <metrics statements="53" coveredstatements="53" conditionals="1" coveredconditionals="1" methods="1" coveredmethods="1"/>
        <line num="1" count="1" type="stmt"/>
        <line num="2" count="1" type="stmt"/>
        <line num="3" count="1" type="stmt"/>
        <line num="4" count="1" type="stmt"/>
        <line num="5" count="1" type="stmt"/>
        <line num="6" count="1" type="stmt"/>
        <line num="7" count="1" type="stmt"/>
        <line num="8" count="1" type="stmt"/>
        <line num="9" count="1" type="stmt"/>
        <line num="10" count="1" type="stmt"/>
        <line num="11" count="1" type="cond" truecount="1" falsecount="0"/>
        <line num="12" count="4" type="stmt"/>
        <line num="13" count="4" type="stmt"/>
        <line num="14" count="4" type="stmt"/>
        <line num="15" count="4" type="stmt"/>
        <line num="16" count="4" type="stmt"/>
        <line num="17" count="4" type="stmt"/>
        <line num="18" count="4" type="stmt"/>
        <line num="19" count="4" type="stmt"/>
        <line num="20" count="4" type="stmt"/>
        <line num="21" count="4" type="stmt"/>
        <line num="22" count="4" type="stmt"/>
        <line num="23" count="4" type="stmt"/>
        <line num="24" count="4" type="stmt"/>
        <line num="25" count="4" type="stmt"/>
        <line num="26" count="4" type="stmt"/>
        <line num="27" count="4" type="stmt"/>
        <line num="28" count="4" type="stmt"/>
        <line num="29" count="4" type="stmt"/>
        <line num="30" count="4" type="stmt"/>
        <line num="31" count="4" type="stmt"/>
        <line num="32" count="4" type="stmt"/>
        <line num="33" count="4" type="stmt"/>
        <line num="34" count="4" type="stmt"/>
        <line num="35" count="4" type="stmt"/>
        <line num="36" count="4" type="stmt"/>
        <line num="37" count="4" type="stmt"/>
        <line num="38" count="4" type="stmt"/>
        <line num="39" count="4" type="stmt"/>
        <line num="40" count="4" type="stmt"/>
        <line num="41" count="4" type="stmt"/>
        <line num="42" count="4" type="stmt"/>
        <line num="43" count="4" type="stmt"/>
        <line num="44" count="1" type="stmt"/>
        <line num="45" count="1" type="stmt"/>
        <line num="46" count="1" type="stmt"/>
        <line num="47" count="1" type="stmt"/>
        <line num="48" count="1" type="stmt"/>
        <line num="49" count="1" type="stmt"/>
        <line num="50" count="1" type="stmt"/>
        <line num="51" count="1" type="stmt"/>
        <line num="52" count="1" type="stmt"/>
        <line num="53" count="1" type="stmt"/>
      </file>
    </package>
    <package name="components.ShopItemList">
      <metrics statements="37" coveredstatements="37" conditionals="2" coveredconditionals="2" methods="1" coveredmethods="1"/>
      <file name="ShopItemList.jsx" path="/home/zyanic/repos/odin-shopping-cart/src/components/ShopItemList/ShopItemList.jsx">
        <metrics statements="37" coveredstatements="37" conditionals="2" coveredconditionals="2" methods="1" coveredmethods="1"/>
        <line num="1" count="1" type="stmt"/>
        <line num="2" count="1" type="stmt"/>
        <line num="3" count="1" type="stmt"/>
        <line num="4" count="1" type="stmt"/>
        <line num="5" count="1" type="stmt"/>
        <line num="6" count="1" type="stmt"/>
        <line num="7" count="1" type="stmt"/>
        <line num="8" count="1" type="cond" truecount="1" falsecount="0"/>
        <line num="9" count="111" type="stmt"/>
        <line num="10" count="111" type="stmt"/>
        <line num="11" count="111" type="stmt"/>
        <line num="12" count="111" type="stmt"/>
        <line num="13" count="111" type="stmt"/>
        <line num="14" count="111" type="cond" truecount="1" falsecount="0"/>
        <line num="15" count="60" type="stmt"/>
        <line num="16" count="60" type="stmt"/>
        <line num="17" count="60" type="stmt"/>
        <line num="18" count="60" type="stmt"/>
        <line num="19" count="60" type="stmt"/>
        <line num="20" count="60" type="stmt"/>
        <line num="21" count="60" type="stmt"/>
        <line num="22" count="111" type="stmt"/>
        <line num="23" count="111" type="stmt"/>
        <line num="24" count="111" type="stmt"/>
        <line num="25" count="111" type="stmt"/>
        <line num="26" count="1" type="stmt"/>
        <line num="27" count="1" type="stmt"/>
        <line num="28" count="1" type="stmt"/>
        <line num="29" count="1" type="stmt"/>
        <line num="30" count="1" type="stmt"/>
        <line num="31" count="1" type="stmt"/>
        <line num="32" count="1" type="stmt"/>
        <line num="33" count="1" type="stmt"/>
        <line num="34" count="1" type="stmt"/>
        <line num="35" count="1" type="stmt"/>
        <line num="36" count="1" type="stmt"/>
        <line num="37" count="1" type="stmt"/>
      </file>
    </package>
    <package name="modules.FakeStoreAPIFetch">
      <metrics statements="50" coveredstatements="16" conditionals="0" coveredconditionals="0" methods="3" coveredmethods="0"/>
      <file name="FakeStoreAPIFetch.js" path="/home/zyanic/repos/odin-shopping-cart/src/modules/FakeStoreAPIFetch/FakeStoreAPIFetch.js">
        <metrics statements="50" coveredstatements="16" conditionals="0" coveredconditionals="0" methods="3" coveredmethods="0"/>
        <line num="1" count="1" type="stmt"/>
        <line num="2" count="1" type="stmt"/>
        <line num="3" count="1" type="stmt"/>
        <line num="4" count="1" type="stmt"/>
        <line num="5" count="1" type="stmt"/>
        <line num="6" count="0" type="stmt"/>
        <line num="7" count="0" type="stmt"/>
        <line num="8" count="0" type="stmt"/>
        <line num="9" count="0" type="stmt"/>
        <line num="10" count="0" type="stmt"/>
        <line num="11" count="0" type="stmt"/>
        <line num="12" count="0" type="stmt"/>
        <line num="13" count="0" type="stmt"/>
        <line num="14" count="0" type="stmt"/>
        <line num="15" count="0" type="stmt"/>
        <line num="16" count="0" type="stmt"/>
        <line num="17" count="0" type="stmt"/>
        <line num="18" count="0" type="stmt"/>
        <line num="19" count="0" type="stmt"/>
        <line num="20" count="0" type="stmt"/>
        <line num="21" count="0" type="stmt"/>
        <line num="22" count="1" type="stmt"/>
        <line num="23" count="1" type="stmt"/>
        <line num="24" count="1" type="stmt"/>
        <line num="25" count="1" type="stmt"/>
        <line num="26" count="1" type="stmt"/>
        <line num="27" count="1" type="stmt"/>
        <line num="28" count="1" type="stmt"/>
        <line num="29" count="0" type="stmt"/>
        <line num="30" count="0" type="stmt"/>
        <line num="31" count="1" type="stmt"/>
        <line num="32" count="1" type="stmt"/>
        <line num="33" count="0" type="stmt"/>
        <line num="34" count="0" type="stmt"/>
        <line num="35" count="0" type="stmt"/>
        <line num="36" count="0" type="stmt"/>
        <line num="37" count="0" type="stmt"/>
        <line num="38" count="0" type="stmt"/>
        <line num="39" count="0" type="stmt"/>
        <line num="40" count="0" type="stmt"/>
        <line num="41" count="0" type="stmt"/>
        <line num="42" count="0" type="stmt"/>
        <line num="43" count="0" type="stmt"/>
        <line num="44" count="0" type="stmt"/>
        <line num="45" count="0" type="stmt"/>
        <line num="46" count="0" type="stmt"/>
        <line num="47" count="0" type="stmt"/>
        <line num="48" count="0" type="stmt"/>
        <line num="49" count="1" type="stmt"/>
        <line num="50" count="1" type="stmt"/>
      </file>
    </package>
    <package name="modules.ShopItemProperties">
      <metrics statements="40" coveredstatements="40" conditionals="11" coveredconditionals="11" methods="1" coveredmethods="1"/>
      <file name="ShopItemProperties.js" path="/home/zyanic/repos/odin-shopping-cart/src/modules/ShopItemProperties/ShopItemProperties.js">
        <metrics statements="40" coveredstatements="40" conditionals="11" coveredconditionals="11" methods="1" coveredmethods="1"/>
        <line num="1" count="1" type="cond" truecount="1" falsecount="0"/>
        <line num="2" count="258" type="stmt"/>
        <line num="3" count="258" type="stmt"/>
        <line num="4" count="258" type="stmt"/>
        <line num="5" count="258" type="stmt"/>
        <line num="6" count="258" type="stmt"/>
        <line num="7" count="258" type="stmt"/>
        <line num="8" count="258" type="stmt"/>
        <line num="9" count="258" type="stmt"/>
        <line num="10" count="258" type="stmt"/>
        <line num="11" count="258" type="stmt"/>
        <line num="12" count="258" type="stmt"/>
        <line num="13" count="258" type="cond" truecount="1" falsecount="0"/>
        <line num="14" count="258" type="cond" truecount="1" falsecount="0"/>
        <line num="15" count="258" type="cond" truecount="1" falsecount="0"/>
        <line num="16" count="258" type="cond" truecount="1" falsecount="0"/>
        <line num="17" count="258" type="cond" truecount="1" falsecount="0"/>
        <line num="18" count="258" type="cond" truecount="1" falsecount="0"/>
        <line num="19" count="258" type="cond" truecount="1" falsecount="0"/>
        <line num="20" count="258" type="stmt"/>
        <line num="21" count="258" type="cond" truecount="1" falsecount="0"/>
        <line num="22" count="258" type="cond" truecount="1" falsecount="0"/>
        <line num="23" count="258" type="stmt"/>
        <line num="24" count="258" type="cond" truecount="1" falsecount="0"/>
        <line num="25" count="258" type="stmt"/>
        <line num="26" count="258" type="stmt"/>
        <line num="27" count="258" type="stmt"/>
        <line num="28" count="258" type="stmt"/>
        <line num="29" count="258" type="stmt"/>
        <line num="30" count="258" type="stmt"/>
        <line num="31" count="258" type="stmt"/>
        <line num="32" count="258" type="stmt"/>
        <line num="33" count="258" type="stmt"/>
        <line num="34" count="258" type="stmt"/>
        <line num="35" count="258" type="stmt"/>
        <line num="36" count="258" type="stmt"/>
        <line num="37" count="258" type="stmt"/>
        <line num="38" count="258" type="stmt"/>
        <line num="39" count="1" type="stmt"/>
        <line num="40" count="1" type="stmt"/>
      </file>
    </package>
  </project>
</coverage>
